<?xml version="1.0" encoding="UTF-8"?>
<!-- Generated by org.testng.reporters.JUnitReportReporter -->
<testsuite skipped="0" hostname="DESKTOP-A3D81R1" name="Testng.TestNGDemo2" tests="4" failures="0" timestamp="17 Jun 2023 14:01:02 GMT" time="0.004" errors="0">
  <testcase name="funA" time="0.001" classname="Testng.TestNGDemo2"/>
  <testcase name="funB" time="0.001" classname="Testng.TestNGDemo2"/>
  <testcase name="funC" time="0.001" classname="Testng.TestNGDemo2"/>
  <testcase name="funD" time="0.001" classname="Testng.TestNGDemo2"/>
</testsuite> <!-- Testng.TestNGDemo2 -->
