<?xml version="1.0" encoding="UTF-8"?>
<!-- Generated by org.testng.reporters.JUnitReportReporter -->
<testsuite skipped="0" hostname="DESKTOP-A3D81R1" name="Testng.JunitDemo2" tests="1" failures="0" timestamp="16 Jun 2023 14:54:16 GMT" time="0.007" errors="0">
  <testcase name="funA" time="0.007" classname="Testng.JunitDemo2"/>
</testsuite> <!-- Testng.JunitDemo2 -->
