<?xml version="1.0" encoding="UTF-8"?>
<!-- Generated by org.testng.reporters.JUnitReportReporter -->
<testsuite skipped="0" hostname="DESKTOP-A3D81R1" name="Testng.DragAndDropDemo1" tests="1" failures="0" timestamp="26 Jun 2023 15:16:16 GMT" time="7.036" errors="0">
  <testcase name="DragAndDropDemo1Test" time="7.036" classname="Testng.DragAndDropDemo1"/>
</testsuite> <!-- Testng.DragAndDropDemo1 -->
