<?xml version="1.0" encoding="UTF-8"?>
<!-- Generated by org.testng.reporters.JUnitReportReporter -->
<testsuite skipped="0" hostname="DESKTOP-A3D81R1" name="Testng.demo.A" tests="1" failures="0" timestamp="14 Jun 2023 14:21:37 GMT" time="0.010" errors="0">
  <testcase name="funA" time="0.010" classname="Testng.demo.A"/>
</testsuite> <!-- Testng.demo.A -->
