<?xml version="1.0" encoding="UTF-8"?>
<!-- Generated by org.testng.reporters.JUnitReportReporter -->
<testsuite skipped="0" hostname="DESKTOP-A3D81R1" name="Testng.TestNGannotationsDemo3" tests="1" failures="0" timestamp="17 Jun 2023 14:26:07 GMT" time="0.001" errors="0">
  <testcase name="funB" time="0.001" classname="Testng.TestNGannotationsDemo3"/>
</testsuite> <!-- Testng.TestNGannotationsDemo3 -->
