<?xml version="1.0" encoding="UTF-8"?>
<!-- Generated by org.testng.reporters.JUnitReportReporter -->
<testsuite skipped="0" hostname="DESKTOP-A3D81R1" name="Testng.TestNGGroupDemo1" tests="4" failures="0" timestamp="16 Jun 2023 14:54:16 GMT" time="0.020" errors="0">
  <testcase name="funC" time="0.004" classname="Testng.TestNGGroupDemo1"/>
  <testcase name="funA" time="0.009" classname="Testng.TestNGGroupDemo1"/>
  <testcase name="funD" time="0.002" classname="Testng.TestNGGroupDemo1"/>
  <testcase name="funB" time="0.005" classname="Testng.TestNGGroupDemo1"/>
</testsuite> <!-- Testng.TestNGGroupDemo1 -->
