<?xml version="1.0" encoding="UTF-8"?>
<!-- Generated by org.testng.reporters.JUnitReportReporter -->
<testsuite skipped="0" hostname="DESKTOP-A3D81R1" name="Testng.ImplicitwaitDemo2" tests="1" failures="0" timestamp="30 Jun 2023 14:58:04 GMT" time="10.850" errors="0">
  <testcase name="ImplicitwaitDemoTest" time="10.850" classname="Testng.ImplicitwaitDemo2"/>
</testsuite> <!-- Testng.ImplicitwaitDemo2 -->
