<?xml version="1.0" encoding="UTF-8"?>
<!-- Generated by org.testng.reporters.JUnitReportReporter -->
<testsuite skipped="0" hostname="DESKTOP-A3D81R1" name="Testng.TestNGannotationsDemo1" tests="1" failures="0" timestamp="17 Jun 2023 14:26:07 GMT" time="0.007" errors="0">
  <testcase name="funA" time="0.007" classname="Testng.TestNGannotationsDemo1"/>
</testsuite> <!-- Testng.TestNGannotationsDemo1 -->
