<?xml version="1.0" encoding="UTF-8"?>
<!-- Generated by org.testng.reporters.JUnitReportReporter -->
<testsuite skipped="0" hostname="DESKTOP-A3D81R1" name="Testng.JunitDemo" tests="1" failures="0" timestamp="16 Jun 2023 14:54:15 GMT" time="0.014" errors="0">
  <testcase name="funA" time="0.014" classname="Testng.JunitDemo"/>
</testsuite> <!-- Testng.JunitDemo -->
