<?xml version="1.0" encoding="UTF-8"?>
<!-- Generated by org.testng.reporters.JUnitReportReporter -->
<testsuite skipped="0" hostname="DESKTOP-A3D81R1" name="Testng.NewTest" tests="1" failures="0" timestamp="17 Jun 2023 14:01:02 GMT" time="0.008" errors="0">
  <testcase name="f" time="0.008" classname="Testng.NewTest"/>
</testsuite> <!-- Testng.NewTest -->
