<?xml version="1.0" encoding="UTF-8"?>
<!-- Generated by org.testng.reporters.JUnitReportReporter -->
<testsuite skipped="0" hostname="DESKTOP-A3D81R1" name="Testng.softAssertioDem2" tests="2" failures="0" timestamp="18 Jun 2023 04:40:21 GMT" time="0.031" errors="0">
  <testcase name="funB" time="0.002" classname="Testng.softAssertioDem2"/>
  <testcase name="funA" time="0.029" classname="Testng.softAssertioDem2"/>
</testsuite> <!-- Testng.softAssertioDem2 -->
