<?xml version="1.0" encoding="UTF-8"?>
<!-- Generated by org.testng.reporters.JUnitReportReporter -->
<testsuite skipped="0" hostname="DESKTOP-A3D81R1" name="Testng.iframesDemo1A" tests="1" failures="0" timestamp="26 Jun 2023 14:07:46 GMT" time="8.123" errors="0">
  <testcase name="iframesDemo1ATest" time="8.123" classname="Testng.iframesDemo1A"/>
</testsuite> <!-- Testng.iframesDemo1A -->
