<?xml version="1.0" encoding="UTF-8"?>
<!-- Generated by org.testng.reporters.JUnitReportReporter -->
<testsuite skipped="0" hostname="DESKTOP-A3D81R1" name="Testng.TestNGannotationsDemo4" tests="1" failures="0" timestamp="17 Jun 2023 14:26:07 GMT" time="0.002" errors="0">
  <testcase name="funC" time="0.002" classname="Testng.TestNGannotationsDemo4"/>
</testsuite> <!-- Testng.TestNGannotationsDemo4 -->
