<?xml version="1.0" encoding="UTF-8"?>
<!-- Generated by org.testng.reporters.JUnitReportReporter -->
<testsuite skipped="0" hostname="DESKTOP-A3D81R1" name="Testng.ImplicitwaitDemo1" tests="1" failures="0" timestamp="30 Jun 2023 14:43:48 GMT" time="15.198" errors="0">
  <testcase name="ImplicitwaitDemoTest" time="15.198" classname="Testng.ImplicitwaitDemo1"/>
</testsuite> <!-- Testng.ImplicitwaitDemo1 -->
