<?xml version="1.0" encoding="UTF-8"?>
<!-- Generated by org.testng.reporters.JUnitReportReporter -->
<testsuite skipped="0" hostname="DESKTOP-A3D81R1" name="Testng.iframesDemo1B" tests="1" failures="0" timestamp="26 Jun 2023 14:08:29 GMT" time="13.309" errors="0">
  <testcase name="iframesDemo1BTest" time="13.309" classname="Testng.iframesDemo1B"/>
</testsuite> <!-- Testng.iframesDemo1B -->
