<?xml version="1.0" encoding="UTF-8"?>
<!-- Generated by org.testng.reporters.JUnitReportReporter -->
<testsuite skipped="0" hostname="DESKTOP-A3D81R1" name="Testng.closeandQuitDemo1" tests="1" failures="0" timestamp="30 Jun 2023 15:14:49 GMT" time="10.282" errors="0">
  <testcase name="closeandQuitTest" time="10.282" classname="Testng.closeandQuitDemo1"/>
</testsuite> <!-- Testng.closeandQuitDemo1 -->
