<?xml version="1.0" encoding="UTF-8"?>
<!-- Generated by org.testng.reporters.JUnitReportReporter -->
<testsuite skipped="0" hostname="DESKTOP-A3D81R1" name="Testng.TestNGDemo1" tests="1" failures="0" timestamp="17 Jun 2023 14:01:02 GMT" time="0.002" errors="0">
  <testcase name="funA" time="0.002" classname="Testng.TestNGDemo1"/>
</testsuite> <!-- Testng.TestNGDemo1 -->
